<?xml version="1.0" encoding="UTF-8"?>
<!-- Generated by org.testng.reporters.JUnitReportReporter -->
<testsuite hostname="DESKTOP-45EMVPN" failures="0" tests="2" name="sample.repo.HardAssertTypes" time="0.013" errors="0" timestamp="2024-07-25T12:01:17 IST" skipped="0">
  <testcase classname="sample.repo.HardAssertTypes" name="strictLevel" time="0.012"/>
  <system-out/>
  <testcase classname="sample.repo.HardAssertTypes" name="containsLevel" time="0.001"/>
  <system-out/>
</testsuite> <!-- sample.repo.HardAssertTypes -->
