<?xml version="1.0" encoding="UTF-8"?>
<!-- Generated by org.testng.reporters.JUnitReportReporter -->
<testsuite hostname="DESKTOP-45EMVPN" failures="0" tests="2" name="sample.repo.Test_Case_1" time="0.021" errors="0" timestamp="2024-07-25T12:29:48 IST" skipped="1">
  <testcase classname="sample.repo.Test_Case_1" name="modifyUser" time="0.021"/>
  <system-out/>
  <testcase classname="sample.repo.Test_Case_1" name="deleteUser">
    <skipped/>
  </testcase> <!-- deleteUser -->
  <system-out/>
</testsuite> <!-- sample.repo.Test_Case_1 -->
