<?xml version="1.0" encoding="UTF-8"?>
<!-- Generated by org.testng.reporters.JUnitReportReporter -->
<testsuite hostname="DESKTOP-45EMVPN" failures="0" tests="1" name="tc_repository.ORG_tc_02" time="10.066" errors="0" timestamp="2024-07-31T20:52:52 IST" skipped="0">
  <testcase classname="tc_repository.ORG_tc_02" name="org_02" time="10.066"/>
  <system-out/>
</testsuite> <!-- tc_repository.ORG_tc_02 -->
