<?xml version="1.0" encoding="UTF-8"?>
<!-- Generated by org.testng.reporters.JUnitReportReporter -->
<testsuite hostname="DESKTOP-45EMVPN" failures="0" tests="1" name="tc_repository.LE_tc_04" time="12.778" errors="0" timestamp="2024-07-31T20:52:52 IST" skipped="0">
  <testcase classname="tc_repository.LE_tc_04" name="le_04" time="12.778"/>
  <system-out/>
</testsuite> <!-- tc_repository.LE_tc_04 -->
